\BOOKMARK [0][-]{chapter.1}{Introduzione}{}% 1
\BOOKMARK [1][-]{section.1.1}{Vision}{chapter.1}% 2
\BOOKMARK [1][-]{section.1.2}{Goals}{chapter.1}% 3
\BOOKMARK [2][-]{subsection.1.2.1}{Goals principali}{section.1.2}% 4
\BOOKMARK [2][-]{subsection.1.2.2}{Goals secondari}{section.1.2}% 5
\BOOKMARK [-1][-]{part.1}{I Requisiti}{}% 6
\BOOKMARK [0][-]{chapter.2}{Definizione dei requisiti}{part.1}% 7
\BOOKMARK [1][-]{section.2.1}{Requisiti funzionali}{chapter.2}% 8
\BOOKMARK [1][-]{section.2.2}{Requisiti funzionali secondari}{chapter.2}% 9
\BOOKMARK [1][-]{section.2.3}{Requisiti non funzionali}{chapter.2}% 10
\BOOKMARK [1][-]{section.2.4}{Analisi dei requisiti}{chapter.2}% 11
\BOOKMARK [2][-]{subsection.2.4.1}{Casi d'uso}{section.2.4}% 12
\BOOKMARK [2][-]{subsection.2.4.2}{Scenari}{section.2.4}% 13
\BOOKMARK [-1][-]{part.2}{II Analisi del problema}{}% 14
\BOOKMARK [0][-]{chapter.3}{Breve introduzione alla tecnologia iBeacon}{part.2}% 15
\BOOKMARK [1][-]{section.3.1}{Il protocollo iBeacon}{chapter.3}% 16
\BOOKMARK [2][-]{subsection.3.1.1}{Broadcaster}{section.3.1}% 17
\BOOKMARK [2][-]{subsection.3.1.2}{Receiver}{section.3.1}% 18
\BOOKMARK [2][-]{subsection.3.1.3}{Advertising packet}{section.3.1}% 19
\BOOKMARK [1][-]{section.3.2}{Frame iBeacon}{chapter.3}% 20
\BOOKMARK [2][-]{subsection.3.2.1}{UUID \(128 bits\)}{section.3.2}% 21
\BOOKMARK [2][-]{subsection.3.2.2}{Major number \(16 bits\)}{section.3.2}% 22
\BOOKMARK [2][-]{subsection.3.2.3}{Minor number \(16 bits\)}{section.3.2}% 23
\BOOKMARK [1][-]{section.3.3}{RSSI - Received Signal Strength Indication}{chapter.3}% 24
\BOOKMARK [2][-]{subsection.3.3.1}{Advertising Interval}{section.3.3}% 25
\BOOKMARK [1][-]{section.3.4}{iBeacon Advertising Packet Contents}{chapter.3}% 26
\BOOKMARK [2][-]{subsection.3.4.1}{Measured power}{section.3.4}% 27
\BOOKMARK [0][-]{chapter.4}{Stima della distanza con RSSI}{part.2}% 28
\BOOKMARK [1][-]{section.4.1}{Attenuazione dei segnali elettromagnetici}{chapter.4}% 29
\BOOKMARK [1][-]{section.4.2}{Received Signal Strength Indicator - RSSI}{chapter.4}% 30
\BOOKMARK [1][-]{section.4.3}{Calcolo di RSSI}{chapter.4}% 31
\BOOKMARK [2][-]{subsection.4.3.1}{Equazione di trasmissione di Friis}{section.4.3}% 32
\BOOKMARK [2][-]{subsection.4.3.2}{Conversione della potenza}{section.4.3}% 33
\BOOKMARK [2][-]{subsection.4.3.3}{Potenza media a distanza di riferimento \040d0 }{section.4.3}% 34
\BOOKMARK [2][-]{subsection.4.3.4}{Equazione di RSSI}{section.4.3}% 35
\BOOKMARK [1][-]{section.4.4}{Calcolo della distanza}{chapter.4}% 36
\BOOKMARK [1][-]{section.4.5}{Problematiche della stima della distanza con RSSI}{chapter.4}% 37
\BOOKMARK [1][-]{section.4.6}{Filtro di Kalman}{chapter.4}% 38
\BOOKMARK [0][-]{chapter.5}{Stima della distanza con RSSI, Android e tecnologie BLE}{part.2}% 39
\BOOKMARK [1][-]{section.5.1}{Sviluppare un'app Android compatibile con BLE}{chapter.5}% 40
\BOOKMARK [1][-]{section.5.2}{Compatibilit\340 con Android 5.0+}{chapter.5}% 41
\BOOKMARK [1][-]{section.5.3}{Libreria AltBeacon - android-beacon-library}{chapter.5}% 42
\BOOKMARK [1][-]{section.5.4}{Filtri}{chapter.5}% 43
\BOOKMARK [2][-]{subsection.5.4.1}{Filtro RunningAverageRssi}{section.5.4}% 44
\BOOKMARK [2][-]{subsection.5.4.2}{Implementazione del filtro di Kalman}{section.5.4}% 45
\BOOKMARK [2][-]{subsection.5.4.3}{Implementazione del filtro ARMA}{section.5.4}% 46
\BOOKMARK [2][-]{subsection.5.4.4}{Grafici in tempo reale}{section.5.4}% 47
\BOOKMARK [0][-]{chapter.6}{Stima della distanza con Arduino}{part.2}% 48
\BOOKMARK [1][-]{section.6.1}{Progetto per stimare la distanza con un sensore ultrasonico ed un Arduino}{chapter.6}% 49
\BOOKMARK [1][-]{section.6.2}{Progetto di test della comunicazione seriale PC - Arduino}{chapter.6}% 50
\BOOKMARK [-1][-]{part.3}{III Progetto}{}% 51
\BOOKMARK [0][-]{chapter.7}{Struttura}{part.3}% 52
\BOOKMARK [1][-]{section.7.1}{ApplicationActivity}{chapter.7}% 53
\BOOKMARK [1][-]{section.7.2}{MainActivity}{chapter.7}% 54
\BOOKMARK [1][-]{section.7.3}{Device}{chapter.7}% 55
\BOOKMARK [1][-]{section.7.4}{Estimation}{chapter.7}% 56
\BOOKMARK [1][-]{section.7.5}{DeviceObservable}{chapter.7}% 57
\BOOKMARK [1][-]{section.7.6}{DeviceCardViewAdapter}{chapter.7}% 58
\BOOKMARK [1][-]{section.7.7}{DeviceViewHolder}{chapter.7}% 59
\BOOKMARK [1][-]{section.7.8}{StatePagerAdapter}{chapter.7}% 60
\BOOKMARK [1][-]{section.7.9}{MyArmaRssiFilter}{chapter.7}% 61
\BOOKMARK [1][-]{section.7.10}{DeviceConstants}{chapter.7}% 62
\BOOKMARK [1][-]{section.7.11}{KFilterConstants}{chapter.7}% 63
\BOOKMARK [1][-]{section.7.12}{SettingConstants}{chapter.7}% 64
\BOOKMARK [1][-]{section.7.13}{FABBehavior}{chapter.7}% 65
\BOOKMARK [1][-]{section.7.14}{CameraFragment}{chapter.7}% 66
\BOOKMARK [1][-]{section.7.15}{DeviceDetailFragment}{chapter.7}% 67
\BOOKMARK [1][-]{section.7.16}{DeviceDetailInner2Fragment}{chapter.7}% 68
\BOOKMARK [1][-]{section.7.17}{SettingsFragment}{chapter.7}% 69
\BOOKMARK [1][-]{section.7.18}{DeviceChartFragment}{chapter.7}% 70
\BOOKMARK [1][-]{section.7.19}{DeviceDetailInner1Fragment}{chapter.7}% 71
\BOOKMARK [1][-]{section.7.20}{DeviceListFragment}{chapter.7}% 72
\BOOKMARK [1][-]{section.7.21}{UsbMeasurementFragment}{chapter.7}% 73
\BOOKMARK [1][-]{section.7.22}{KFilterBuildertFragment}{chapter.7}% 74
\BOOKMARK [1][-]{section.7.23}{KFilter}{chapter.7}% 75
\BOOKMARK [1][-]{section.7.24}{UsbMeasurementObservable}{chapter.7}% 76
\BOOKMARK [1][-]{section.7.25}{CameraPreviewUtil}{chapter.7}% 77
\BOOKMARK [1][-]{section.7.26}{ChartUtil}{chapter.7}% 78
\BOOKMARK [1][-]{section.7.27}{UsbUtil}{chapter.7}% 79
\BOOKMARK [1][-]{section.7.28}{SaveImageTask}{chapter.7}% 80
\BOOKMARK [0][-]{chapter.8}{Interazione}{part.3}% 81
\BOOKMARK [1][-]{section.8.1}{ApplicationActivity}{chapter.8}% 82
\BOOKMARK [1][-]{section.8.2}{MainActivity}{chapter.8}% 83
\BOOKMARK [1][-]{section.8.3}{DeviceObservable}{chapter.8}% 84
\BOOKMARK [1][-]{section.8.4}{DeviceListFragment}{chapter.8}% 85
\BOOKMARK [1][-]{section.8.5}{DeviceCardViewAdapter}{chapter.8}% 86
\BOOKMARK [1][-]{section.8.6}{DeviceViewHolder}{chapter.8}% 87
\BOOKMARK [1][-]{section.8.7}{StatePagerAdapter}{chapter.8}% 88
\BOOKMARK [1][-]{section.8.8}{MyArmaRssiFilter}{chapter.8}% 89
\BOOKMARK [1][-]{section.8.9}{FABBehavior}{chapter.8}% 90
\BOOKMARK [1][-]{section.8.10}{CameraFragment}{chapter.8}% 91
\BOOKMARK [1][-]{section.8.11}{DeviceDetailFragment}{chapter.8}% 92
\BOOKMARK [1][-]{section.8.12}{DeviceDetailInner1Fragment}{chapter.8}% 93
\BOOKMARK [1][-]{section.8.13}{CameraPreviewUtil}{chapter.8}% 94
\BOOKMARK [1][-]{section.8.14}{DeviceDetailInner2Fragment}{chapter.8}% 95
\BOOKMARK [1][-]{section.8.15}{DeviceChartFragment}{chapter.8}% 96
\BOOKMARK [1][-]{section.8.16}{SettingsFragment}{chapter.8}% 97
\BOOKMARK [1][-]{section.8.17}{UsbMeasurementFragment}{chapter.8}% 98
\BOOKMARK [1][-]{section.8.18}{UsbMeasurementObservable}{chapter.8}% 99
\BOOKMARK [1][-]{section.8.19}{SaveImageTask}{chapter.8}% 100
\BOOKMARK [0][-]{chapter.9}{Comportamento}{part.3}% 101
\BOOKMARK [1][-]{section.9.1}{title}{chapter.9}% 102
\BOOKMARK [-1][-]{part.4}{IV Implementazione}{}% 103
\BOOKMARK [0][-]{chapter.10}{GUI dell'app}{part.4}% 104
\BOOKMARK [1][-]{section.10.1}{Avvio dell'app}{chapter.10}% 105
\BOOKMARK [1][-]{section.10.2}{Abilitazione dellla radio Bluetooth}{chapter.10}% 106
\BOOKMARK [1][-]{section.10.3}{Scansione dei dispositivi}{chapter.10}% 107
\BOOKMARK [1][-]{section.10.4}{Men\371 a sinistra}{chapter.10}% 108
\BOOKMARK [1][-]{section.10.5}{Men\371 a destra}{chapter.10}% 109
\BOOKMARK [1][-]{section.10.6}{Dettagli di un dispositivo}{chapter.10}% 110
\BOOKMARK [1][-]{section.10.7}{Dettagli avanzati e grafici realtime}{chapter.10}% 111
\BOOKMARK [1][-]{section.10.8}{Connessione con Arduino via USB OTG}{chapter.10}% 112
\BOOKMARK [1][-]{section.10.9}{Feedback della stima della distanza con Arduino}{chapter.10}% 113
\BOOKMARK [0][-]{chapter.11}{Testing}{part.4}% 114
\BOOKMARK [1][-]{section.11.1}{Configurazione dell'ambiente indoor}{chapter.11}% 115
\BOOKMARK [1][-]{section.11.2}{Collegamento Arduino-smartphone}{chapter.11}% 116
\BOOKMARK [2][-]{subsection.11.2.1}{Materiale utilizzato}{section.11.2}% 117
